{
  "RSpec": {
    "coverage": {
      "/home/carl/railsProjects/rottenpotatoes/app/helpers/application_helper.rb": [
        1,
        null
      ],
      "/home/carl/railsProjects/rottenpotatoes/app/controllers/movies_controller.rb": [
        1,
        1,
        0,
        null,
        null,
        1,
        0,
        null,
        null,
        1,
        null,
        null,
        1,
        0,
        0,
        0,
        null,
        null,
        1,
        0,
        null,
        null,
        1,
        0,
        0,
        0,
        0,
        null,
        null,
        1,
        0,
        0,
        0,
        0,
        null,
        null,
        1,
        3,
        null,
        null,
        1,
        1,
        0,
        null,
        null
      ],
      "/home/carl/railsProjects/rottenpotatoes/app/controllers/application_controller.rb": [
        1,
        null,
        null,
        1,
        null
      ],
      "/home/carl/railsProjects/rottenpotatoes/app/models/movie.rb": [
        1,
        null,
        1,
        null,
        1,
        2,
        null,
        null,
        1,
        3,
        3,
        3,
        2,
        1,
        null,
        1,
        1,
        null,
        0,
        null,
        null,
        null,
        null
      ]
    },
    "timestamp": 1399592498
  }
}
